2019-09-23 17:37:02,353 [Worker-5: Loading available Gradle versions] INFO  o.e.b.c.i.u.g.PublishedGradleVersions - Gradle version information cache is up-to-date. Trying to read.
2019-09-23 17:38:22,816 [Worker-1: Loading available Gradle versions] INFO  o.e.b.c.i.u.g.PublishedGradleVersions - Gradle version information cache is up-to-date. Trying to read.
2019-09-24 12:09:40,350 [Worker-1] INFO  c.g.t.t.d.PublishedGradleVersions - Gradle version information cache is up-to-date. Trying to read.
2019-09-24 12:16:52,039 [Worker-5: Loading available Gradle versions] INFO  o.e.b.c.i.u.g.PublishedGradleVersions - Gradle version information cache is up-to-date. Trying to read.
2019-10-03 10:40:29,634 [Worker-0] INFO  c.g.t.t.d.PublishedGradleVersions - Gradle version information cache is up-to-date. Trying to read.
2019-10-03 10:41:31,020 [Worker-1] INFO  c.g.t.t.d.PublishedGradleVersions - Gradle version information cache is up-to-date. Trying to read.
2019-10-03 10:42:51,796 [Worker-8: Loading available Gradle versions] INFO  o.e.b.c.i.u.g.PublishedGradleVersions - Gradle version information cache is up-to-date. Trying to read.
2019-10-03 10:43:46,243 [Worker-0] INFO  c.g.t.t.d.PublishedGradleVersions - Gradle version information cache is up-to-date. Trying to read.
2019-10-03 15:57:03,004 [Worker-1] INFO  c.g.t.t.d.PublishedGradleVersions - Gradle version information cache is up-to-date. Trying to read.
2019-10-19 10:11:42,381 [Worker-1] INFO  c.g.t.t.d.PublishedGradleVersions - Gradle version information cache is up-to-date. Trying to read.
2019-10-21 12:42:28,414 [Worker-4] INFO  c.g.t.t.d.PublishedGradleVersions - Gradle version information cache is out-of-date. Trying to update.
2019-10-21 13:04:24,870 [Worker-1] INFO  c.g.t.t.d.PublishedGradleVersions - Gradle version information cache is up-to-date. Trying to read.
2019-10-21 13:05:12,776 [Worker-9] INFO  o.e.m.c.i.l.LifecycleMappingFactory - Using org.eclipse.m2e.jdt.JarLifecycleMapping lifecycle mapping for MavenProject: com.Example:myportal:0.0.1-SNAPSHOT @ /home/manjunath/Downloads/SpringBootLearn/myportal/pom.xml.
2019-10-21 13:05:54,164 [Worker-13] INFO  o.e.m.c.i.l.LifecycleMappingFactory - Using org.eclipse.m2e.jdt.JarLifecycleMapping lifecycle mapping for MavenProject: com.Example:myportal-client:0.0.1-SNAPSHOT @ /home/manjunath/Downloads/SpringBootLearn/myportal-client/pom.xml.
2019-10-21 13:06:56,741 [Worker-13] INFO  o.e.m.c.i.embedder.EclipseLogger - Using 'UTF-8' encoding to copy filtered resources.
2019-10-21 13:06:56,746 [Worker-13] INFO  o.e.m.c.i.embedder.EclipseLogger - Copying 1 resource
2019-10-21 13:06:56,761 [Worker-13] INFO  o.e.m.c.i.embedder.EclipseLogger - Copying 2 resources
2019-10-21 13:06:56,769 [Worker-13] INFO  o.e.m.c.i.embedder.EclipseLogger - Using 'UTF-8' encoding to copy filtered resources.
2019-10-21 13:06:56,769 [Worker-13] INFO  o.e.m.c.i.embedder.EclipseLogger - skip non existing resourceDirectory /home/manjunath/Downloads/SpringBootLearn/myportal-client/src/test/resources
2019-10-21 13:07:11,488 [Worker-9] INFO  o.e.m.c.i.embedder.EclipseLogger - Using 'UTF-8' encoding to copy filtered resources.
2019-10-21 13:07:11,488 [Worker-9] INFO  o.e.m.c.i.embedder.EclipseLogger - Copying 1 resource
2019-10-21 13:07:11,489 [Worker-9] INFO  o.e.m.c.i.embedder.EclipseLogger - Copying 0 resource
2019-10-21 13:07:11,492 [Worker-9] INFO  o.e.m.c.i.embedder.EclipseLogger - Using 'UTF-8' encoding to copy filtered resources.
2019-10-21 13:07:11,492 [Worker-9] INFO  o.e.m.c.i.embedder.EclipseLogger - skip non existing resourceDirectory /home/manjunath/Downloads/SpringBootLearn/myportal/src/test/resources
2019-10-21 14:13:57,019 [Worker-23] INFO  o.e.m.c.i.embedder.EclipseLogger - Using 'UTF-8' encoding to copy filtered resources.
2019-10-21 14:13:57,024 [Worker-23] INFO  o.e.m.c.i.embedder.EclipseLogger - Copying 1 resource
2019-10-21 14:13:57,025 [Worker-23] INFO  o.e.m.c.i.embedder.EclipseLogger - Copying 0 resource
2019-10-21 14:13:57,027 [Worker-23] INFO  o.e.m.c.i.embedder.EclipseLogger - Using 'UTF-8' encoding to copy filtered resources.
2019-10-21 14:13:57,028 [Worker-23] INFO  o.e.m.c.i.embedder.EclipseLogger - skip non existing resourceDirectory /home/manjunath/Downloads/SpringBootLearn/myportal-client/src/test/resources
2019-10-29 11:46:29,053 [Worker-2] INFO  c.g.t.t.d.PublishedGradleVersions - Gradle version information cache is up-to-date. Trying to read.
2019-11-04 10:56:38,221 [Worker-0: Loading available Gradle versions] INFO  o.e.b.c.i.u.g.PublishedGradleVersions - Gradle version information cache is up-to-date. Trying to read.
2019-11-04 10:56:43,024 [Worker-2: Updating Maven Dependencies] INFO  o.e.m.c.i.l.LifecycleMappingFactory - Using org.eclipse.m2e.jdt.JarLifecycleMapping lifecycle mapping for MavenProject: com.Example:myportal-client:0.0.1-SNAPSHOT @ /home/manjunath/Downloads/SpringBootLearn/myportal-client/pom.xml.
2019-11-04 10:56:44,333 [Worker-2: Updating Maven Dependencies] INFO  o.e.m.c.i.l.LifecycleMappingFactory - Using org.eclipse.m2e.jdt.JarLifecycleMapping lifecycle mapping for MavenProject: com.Example:myportal:0.0.1-SNAPSHOT @ /home/manjunath/Downloads/SpringBootLearn/myportal/pom.xml.
2019-11-04 15:14:35,861 [Worker-1: Loading available Gradle versions] INFO  o.e.b.c.i.u.g.PublishedGradleVersions - Gradle version information cache is up-to-date. Trying to read.
2019-11-04 15:17:41,762 [Worker-6: Launching MyportalApplication] INFO  o.e.m.c.i.l.LifecycleMappingFactory - Using org.eclipse.m2e.jdt.JarLifecycleMapping lifecycle mapping for MavenProject: com.Example:myportal:0.0.1-SNAPSHOT @ /home/manjunath/Downloads/SpringBootLearn/myportal/pom.xml.
2019-11-04 15:17:42,756 [Worker-6: Launching MyportalApplication] INFO  o.e.m.c.i.embedder.EclipseLogger - Using 'UTF-8' encoding to copy filtered resources.
2019-11-04 15:17:42,761 [Worker-6: Launching MyportalApplication] INFO  o.e.m.c.i.embedder.EclipseLogger - Copying 1 resource
2019-11-04 15:17:42,799 [Worker-6: Launching MyportalApplication] INFO  o.e.m.c.i.embedder.EclipseLogger - Copying 0 resource
2019-11-04 15:17:42,804 [Worker-6: Launching MyportalApplication] INFO  o.e.m.c.i.embedder.EclipseLogger - Using 'UTF-8' encoding to copy filtered resources.
2019-11-04 15:17:42,804 [Worker-6: Launching MyportalApplication] INFO  o.e.m.c.i.embedder.EclipseLogger - skip non existing resourceDirectory /home/manjunath/Downloads/SpringBootLearn/myportal/src/test/resources
2019-11-04 15:19:31,441 [Worker-12: Launching MyportalClientApplication] INFO  o.e.m.c.i.l.LifecycleMappingFactory - Using org.eclipse.m2e.jdt.JarLifecycleMapping lifecycle mapping for MavenProject: com.Example:myportal-client:0.0.1-SNAPSHOT @ /home/manjunath/Downloads/SpringBootLearn/myportal-client/pom.xml.
2019-11-04 15:19:31,820 [Worker-12: Launching MyportalClientApplication] INFO  o.e.m.c.i.embedder.EclipseLogger - Using 'UTF-8' encoding to copy filtered resources.
2019-11-04 15:19:31,821 [Worker-12: Launching MyportalClientApplication] INFO  o.e.m.c.i.embedder.EclipseLogger - Copying 1 resource
2019-11-04 15:19:31,821 [Worker-12: Launching MyportalClientApplication] INFO  o.e.m.c.i.embedder.EclipseLogger - Copying 2 resources
2019-11-04 15:19:31,866 [Worker-12: Launching MyportalClientApplication] INFO  o.e.m.c.i.embedder.EclipseLogger - Using 'UTF-8' encoding to copy filtered resources.
2019-11-04 15:19:31,866 [Worker-12: Launching MyportalClientApplication] INFO  o.e.m.c.i.embedder.EclipseLogger - skip non existing resourceDirectory /home/manjunath/Downloads/SpringBootLearn/myportal-client/src/test/resources
2019-11-04 15:23:34,375 [Worker-13: Launching MyportalApplication] INFO  o.e.m.c.i.embedder.EclipseLogger - Using 'UTF-8' encoding to copy filtered resources.
2019-11-04 15:23:34,414 [Worker-13: Launching MyportalApplication] INFO  o.e.m.c.i.embedder.EclipseLogger - Copying 1 resource
2019-11-04 15:23:34,416 [Worker-13: Launching MyportalApplication] INFO  o.e.m.c.i.embedder.EclipseLogger - Copying 1 resource
2019-11-04 15:23:34,432 [Worker-13: Launching MyportalApplication] INFO  o.e.m.c.i.embedder.EclipseLogger - Using 'UTF-8' encoding to copy filtered resources.
2019-11-04 15:23:34,432 [Worker-13: Launching MyportalApplication] INFO  o.e.m.c.i.embedder.EclipseLogger - skip non existing resourceDirectory /home/manjunath/Downloads/SpringBootLearn/myportal/src/test/resources
2019-11-04 15:31:14,112 [Worker-2: Loading available Gradle versions] INFO  o.e.b.c.i.u.g.PublishedGradleVersions - Gradle version information cache is up-to-date. Trying to read.
2019-11-04 15:39:04,345 [Worker-12: Launching MyportalClientApplication] INFO  o.e.m.c.i.embedder.EclipseLogger - Using 'UTF-8' encoding to copy filtered resources.
2019-11-04 15:39:04,349 [Worker-12: Launching MyportalClientApplication] INFO  o.e.m.c.i.embedder.EclipseLogger - Copying 1 resource
2019-11-04 15:39:04,362 [Worker-12: Launching MyportalClientApplication] INFO  o.e.m.c.i.embedder.EclipseLogger - Copying 2 resources
2019-11-04 15:39:04,365 [Worker-12: Launching MyportalClientApplication] INFO  o.e.m.c.i.embedder.EclipseLogger - Using 'UTF-8' encoding to copy filtered resources.
2019-11-04 15:39:04,365 [Worker-12: Launching MyportalClientApplication] INFO  o.e.m.c.i.embedder.EclipseLogger - skip non existing resourceDirectory /home/manjunath/Downloads/SpringBootLearn/myportal-client/src/test/resources
2019-11-04 15:43:10,497 [Worker-11: Launching myportal-client - MyportalClientApplication] INFO  o.e.m.c.i.embedder.EclipseLogger - Using 'UTF-8' encoding to copy filtered resources.
2019-11-04 15:43:10,500 [Worker-11: Launching myportal-client - MyportalClientApplication] INFO  o.e.m.c.i.embedder.EclipseLogger - Copying 0 resource
2019-11-04 15:43:10,500 [Worker-11: Launching myportal-client - MyportalClientApplication] INFO  o.e.m.c.i.embedder.EclipseLogger - Copying 1 resource
2019-11-04 15:43:10,508 [Worker-11: Launching myportal-client - MyportalClientApplication] INFO  o.e.m.c.i.embedder.EclipseLogger - Using 'UTF-8' encoding to copy filtered resources.
2019-11-04 15:43:10,509 [Worker-11: Launching myportal-client - MyportalClientApplication] INFO  o.e.m.c.i.embedder.EclipseLogger - skip non existing resourceDirectory /home/manjunath/Downloads/SpringBootLearn/myportal-client/src/test/resources
2019-11-04 15:50:20,111 [Worker-12: Launching MyportalClientApplication] INFO  o.e.m.c.i.embedder.EclipseLogger - Using 'UTF-8' encoding to copy filtered resources.
2019-11-04 15:50:20,114 [Worker-12: Launching MyportalClientApplication] INFO  o.e.m.c.i.embedder.EclipseLogger - Copying 1 resource
2019-11-04 15:50:20,115 [Worker-12: Launching MyportalClientApplication] INFO  o.e.m.c.i.embedder.EclipseLogger - Copying 2 resources
2019-11-04 15:50:20,118 [Worker-12: Launching MyportalClientApplication] INFO  o.e.m.c.i.embedder.EclipseLogger - Using 'UTF-8' encoding to copy filtered resources.
2019-11-04 15:50:20,119 [Worker-12: Launching MyportalClientApplication] INFO  o.e.m.c.i.embedder.EclipseLogger - skip non existing resourceDirectory /home/manjunath/Downloads/SpringBootLearn/myportal-client/src/test/resources
2019-11-04 15:51:07,298 [Worker-15: Launching MyportalClientApplication] INFO  o.e.m.c.i.embedder.EclipseLogger - Using 'UTF-8' encoding to copy filtered resources.
2019-11-04 15:51:07,298 [Worker-15: Launching MyportalClientApplication] INFO  o.e.m.c.i.embedder.EclipseLogger - Copying 1 resource
2019-11-04 15:51:07,299 [Worker-15: Launching MyportalClientApplication] INFO  o.e.m.c.i.embedder.EclipseLogger - Copying 2 resources
2019-11-04 15:51:07,302 [Worker-15: Launching MyportalClientApplication] INFO  o.e.m.c.i.embedder.EclipseLogger - Using 'UTF-8' encoding to copy filtered resources.
2019-11-04 15:51:07,302 [Worker-15: Launching MyportalClientApplication] INFO  o.e.m.c.i.embedder.EclipseLogger - skip non existing resourceDirectory /home/manjunath/Downloads/SpringBootLearn/myportal-client/src/test/resources
2019-11-04 15:51:50,765 [Worker-17: Launching MyportalClientApplication] INFO  o.e.m.c.i.embedder.EclipseLogger - Using 'UTF-8' encoding to copy filtered resources.
2019-11-04 15:51:50,766 [Worker-17: Launching MyportalClientApplication] INFO  o.e.m.c.i.embedder.EclipseLogger - Copying 1 resource
2019-11-04 15:51:50,766 [Worker-17: Launching MyportalClientApplication] INFO  o.e.m.c.i.embedder.EclipseLogger - Copying 2 resources
2019-11-04 15:51:50,768 [Worker-17: Launching MyportalClientApplication] INFO  o.e.m.c.i.embedder.EclipseLogger - Using 'UTF-8' encoding to copy filtered resources.
2019-11-04 15:51:50,768 [Worker-17: Launching MyportalClientApplication] INFO  o.e.m.c.i.embedder.EclipseLogger - skip non existing resourceDirectory /home/manjunath/Downloads/SpringBootLearn/myportal-client/src/test/resources
2019-11-04 15:54:16,751 [Worker-15: Launching MyportalClientApplication] INFO  o.e.m.c.i.embedder.EclipseLogger - Using 'UTF-8' encoding to copy filtered resources.
2019-11-04 15:54:16,752 [Worker-15: Launching MyportalClientApplication] INFO  o.e.m.c.i.embedder.EclipseLogger - Copying 1 resource
2019-11-04 15:54:16,753 [Worker-15: Launching MyportalClientApplication] INFO  o.e.m.c.i.embedder.EclipseLogger - Copying 2 resources
2019-11-04 15:54:16,755 [Worker-15: Launching MyportalClientApplication] INFO  o.e.m.c.i.embedder.EclipseLogger - Using 'UTF-8' encoding to copy filtered resources.
2019-11-04 15:54:16,755 [Worker-15: Launching MyportalClientApplication] INFO  o.e.m.c.i.embedder.EclipseLogger - skip non existing resourceDirectory /home/manjunath/Downloads/SpringBootLearn/myportal-client/src/test/resources
2019-11-04 15:58:55,716 [Worker-7: Launching MyportalClientApplication] INFO  o.e.m.c.i.embedder.EclipseLogger - Using 'UTF-8' encoding to copy filtered resources.
2019-11-04 15:58:55,716 [Worker-7: Launching MyportalClientApplication] INFO  o.e.m.c.i.embedder.EclipseLogger - Copying 1 resource
2019-11-04 15:58:55,717 [Worker-7: Launching MyportalClientApplication] INFO  o.e.m.c.i.embedder.EclipseLogger - Copying 2 resources
2019-11-04 15:58:55,719 [Worker-7: Launching MyportalClientApplication] INFO  o.e.m.c.i.embedder.EclipseLogger - Using 'UTF-8' encoding to copy filtered resources.
2019-11-04 15:58:55,720 [Worker-7: Launching MyportalClientApplication] INFO  o.e.m.c.i.embedder.EclipseLogger - skip non existing resourceDirectory /home/manjunath/Downloads/SpringBootLearn/myportal-client/src/test/resources
2019-11-04 16:52:03,324 [Worker-36: Launching MyportalClientApplication] INFO  o.e.m.c.i.l.LifecycleMappingFactory - Using org.eclipse.m2e.jdt.JarLifecycleMapping lifecycle mapping for MavenProject: com.Example:myportal-client:0.0.1-SNAPSHOT @ /home/manjunath/Downloads/SpringBootLearn/myportal-client/pom.xml.
2019-11-04 16:52:04,736 [Worker-36: Launching MyportalClientApplication] INFO  o.e.m.c.i.e.AbstractTransferListenerAdapter - Downloading https://repo.maven.apache.org/maven2/org/apache/tomcat/embed/tomcat-embed-jasper/9.0.27/tomcat-embed-jasper-9.0.27.pom
2019-11-04 16:52:04,942 [Worker-36: Launching MyportalClientApplication] INFO  o.e.m.c.i.e.AbstractTransferListenerAdapter - Downloaded https://repo.maven.apache.org/maven2/org/apache/tomcat/embed/tomcat-embed-jasper/9.0.27/tomcat-embed-jasper-9.0.27.pom
2019-11-04 16:52:05,284 [Worker-36: Launching MyportalClientApplication] INFO  o.e.m.c.i.e.AbstractTransferListenerAdapter - Downloading https://repo.maven.apache.org/maven2/org/apache/tomcat/embed/tomcat-embed-jasper/9.0.27/tomcat-embed-jasper-9.0.27.jar
2019-11-04 16:52:07,958 [Worker-36: Launching MyportalClientApplication] INFO  o.e.m.c.i.e.AbstractTransferListenerAdapter - Downloaded https://repo.maven.apache.org/maven2/org/apache/tomcat/embed/tomcat-embed-jasper/9.0.27/tomcat-embed-jasper-9.0.27.jar
2019-11-04 16:52:08,116 [Worker-36: Launching MyportalClientApplication] INFO  o.e.m.c.i.e.AbstractTransferListenerAdapter - Downloading https://repo.maven.apache.org/maven2/org/apache/tomcat/tomcat-annotations-api/9.0.27/tomcat-annotations-api-9.0.27.jar
2019-11-04 16:52:08,268 [Worker-36: Launching MyportalClientApplication] INFO  o.e.m.c.i.e.AbstractTransferListenerAdapter - Downloaded https://repo.maven.apache.org/maven2/org/apache/tomcat/tomcat-annotations-api/9.0.27/tomcat-annotations-api-9.0.27.jar
2019-11-04 16:52:08,814 [Worker-36: Launching MyportalClientApplication] INFO  o.e.m.c.i.embedder.EclipseLogger - Using 'UTF-8' encoding to copy filtered resources.
2019-11-04 16:52:08,816 [Worker-36: Launching MyportalClientApplication] INFO  o.e.m.c.i.embedder.EclipseLogger - Copying 1 resource
2019-11-04 16:52:08,826 [Worker-36: Launching MyportalClientApplication] INFO  o.e.m.c.i.embedder.EclipseLogger - Copying 2 resources
2019-11-04 16:52:08,831 [Worker-36: Launching MyportalClientApplication] INFO  o.e.m.c.i.embedder.EclipseLogger - Using 'UTF-8' encoding to copy filtered resources.
2019-11-04 16:52:08,831 [Worker-36: Launching MyportalClientApplication] INFO  o.e.m.c.i.embedder.EclipseLogger - skip non existing resourceDirectory /home/manjunath/Downloads/SpringBootLearn/myportal-client/src/test/resources
2019-11-04 16:52:10,364 [Worker-39: Download sources and javadoc] INFO  o.e.m.c.i.e.AbstractTransferListenerAdapter - Downloading https://repo.maven.apache.org/maven2/org/apache/tomcat/embed/tomcat-embed-jasper/9.0.27/tomcat-embed-jasper-9.0.27-sources.jar
2019-11-04 16:52:11,304 [Worker-39: Download sources and javadoc] INFO  o.e.m.c.i.e.AbstractTransferListenerAdapter - Downloaded https://repo.maven.apache.org/maven2/org/apache/tomcat/embed/tomcat-embed-jasper/9.0.27/tomcat-embed-jasper-9.0.27-sources.jar
2019-11-04 16:52:11,421 [Worker-39: Download sources and javadoc] INFO  o.e.m.j.internal.DownloadSourcesJob - Downloaded sources for org.apache.tomcat.embed:tomcat-embed-jasper:9.0.27
2019-11-04 16:52:12,022 [Worker-39: Download sources and javadoc] INFO  o.e.m.c.i.e.AbstractTransferListenerAdapter - Downloading https://repo.maven.apache.org/maven2/org/apache/tomcat/tomcat-annotations-api/9.0.27/tomcat-annotations-api-9.0.27-sources.jar
2019-11-04 16:52:12,311 [Worker-39: Download sources and javadoc] INFO  o.e.m.c.i.e.AbstractTransferListenerAdapter - Downloaded https://repo.maven.apache.org/maven2/org/apache/tomcat/tomcat-annotations-api/9.0.27/tomcat-annotations-api-9.0.27-sources.jar
2019-11-04 16:52:12,415 [Worker-39: Download sources and javadoc] INFO  o.e.m.j.internal.DownloadSourcesJob - Downloaded sources for org.apache.tomcat:tomcat-annotations-api:9.0.27
2019-11-04 16:52:12,417 [Worker-39: Download sources and javadoc] INFO  o.e.m.j.internal.DownloadSourcesJob - Downloaded sources for org.apache.tomcat.embed:tomcat-embed-jasper:9.0.27
2019-11-04 16:52:12,420 [Worker-39: Download sources and javadoc] INFO  o.e.m.j.internal.DownloadSourcesJob - Downloaded sources for org.apache.tomcat:tomcat-annotations-api:9.0.27
2019-11-04 16:52:46,952 [Worker-41: Launching MyportalClientApplication] INFO  o.e.m.c.i.embedder.EclipseLogger - Using 'UTF-8' encoding to copy filtered resources.
2019-11-04 16:52:46,953 [Worker-41: Launching MyportalClientApplication] INFO  o.e.m.c.i.embedder.EclipseLogger - Copying 1 resource
2019-11-04 16:52:46,954 [Worker-41: Launching MyportalClientApplication] INFO  o.e.m.c.i.embedder.EclipseLogger - Copying 2 resources
2019-11-04 16:52:46,957 [Worker-41: Launching MyportalClientApplication] INFO  o.e.m.c.i.embedder.EclipseLogger - Using 'UTF-8' encoding to copy filtered resources.
2019-11-04 16:52:46,957 [Worker-41: Launching MyportalClientApplication] INFO  o.e.m.c.i.embedder.EclipseLogger - skip non existing resourceDirectory /home/manjunath/Downloads/SpringBootLearn/myportal-client/src/test/resources
2019-11-04 17:07:42,019 [Worker-36: Launching MyportalClientApplication] INFO  o.e.m.c.i.embedder.EclipseLogger - Using 'UTF-8' encoding to copy filtered resources.
2019-11-04 17:07:42,020 [Worker-36: Launching MyportalClientApplication] INFO  o.e.m.c.i.embedder.EclipseLogger - Copying 1 resource
2019-11-04 17:07:42,020 [Worker-36: Launching MyportalClientApplication] INFO  o.e.m.c.i.embedder.EclipseLogger - Copying 2 resources
2019-11-04 17:07:42,023 [Worker-36: Launching MyportalClientApplication] INFO  o.e.m.c.i.embedder.EclipseLogger - Using 'UTF-8' encoding to copy filtered resources.
2019-11-04 17:07:42,023 [Worker-36: Launching MyportalClientApplication] INFO  o.e.m.c.i.embedder.EclipseLogger - skip non existing resourceDirectory /home/manjunath/Downloads/SpringBootLearn/myportal-client/src/test/resources
2019-11-04 17:08:58,690 [Worker-36: Launching myportal-client - MyportalClientApplication] INFO  o.e.m.c.i.embedder.EclipseLogger - Using 'UTF-8' encoding to copy filtered resources.
2019-11-04 17:08:58,690 [Worker-36: Launching myportal-client - MyportalClientApplication] INFO  o.e.m.c.i.embedder.EclipseLogger - Copying 1 resource
2019-11-04 17:08:58,691 [Worker-36: Launching myportal-client - MyportalClientApplication] INFO  o.e.m.c.i.embedder.EclipseLogger - Copying 2 resources
2019-11-04 17:08:58,692 [Worker-36: Launching myportal-client - MyportalClientApplication] INFO  o.e.m.c.i.embedder.EclipseLogger - Using 'UTF-8' encoding to copy filtered resources.
2019-11-04 17:08:58,693 [Worker-36: Launching myportal-client - MyportalClientApplication] INFO  o.e.m.c.i.embedder.EclipseLogger - skip non existing resourceDirectory /home/manjunath/Downloads/SpringBootLearn/myportal-client/src/test/resources
2019-11-04 17:09:39,806 [Worker-40: Launching myportal-client - MyportalClientApplication] INFO  o.e.m.c.i.embedder.EclipseLogger - Using 'UTF-8' encoding to copy filtered resources.
2019-11-04 17:09:39,806 [Worker-40: Launching myportal-client - MyportalClientApplication] INFO  o.e.m.c.i.embedder.EclipseLogger - Copying 1 resource
2019-11-04 17:09:39,808 [Worker-40: Launching myportal-client - MyportalClientApplication] INFO  o.e.m.c.i.embedder.EclipseLogger - Copying 2 resources
2019-11-04 17:09:39,813 [Worker-40: Launching myportal-client - MyportalClientApplication] INFO  o.e.m.c.i.embedder.EclipseLogger - Using 'UTF-8' encoding to copy filtered resources.
2019-11-04 17:09:39,813 [Worker-40: Launching myportal-client - MyportalClientApplication] INFO  o.e.m.c.i.embedder.EclipseLogger - skip non existing resourceDirectory /home/manjunath/Downloads/SpringBootLearn/myportal-client/src/test/resources
2019-11-04 17:10:06,907 [Worker-36: Launching myportal-client - MyportalClientApplication] INFO  o.e.m.c.i.embedder.EclipseLogger - Using 'UTF-8' encoding to copy filtered resources.
2019-11-04 17:10:06,907 [Worker-36: Launching myportal-client - MyportalClientApplication] INFO  o.e.m.c.i.embedder.EclipseLogger - Copying 1 resource
2019-11-04 17:10:06,908 [Worker-36: Launching myportal-client - MyportalClientApplication] INFO  o.e.m.c.i.embedder.EclipseLogger - Copying 2 resources
2019-11-04 17:10:06,913 [Worker-36: Launching myportal-client - MyportalClientApplication] INFO  o.e.m.c.i.embedder.EclipseLogger - Using 'UTF-8' encoding to copy filtered resources.
2019-11-04 17:10:06,913 [Worker-36: Launching myportal-client - MyportalClientApplication] INFO  o.e.m.c.i.embedder.EclipseLogger - skip non existing resourceDirectory /home/manjunath/Downloads/SpringBootLearn/myportal-client/src/test/resources
2019-11-04 17:11:25,007 [Worker-44: Launching myportal-client - MyportalClientApplication] INFO  o.e.m.c.i.embedder.EclipseLogger - Using 'UTF-8' encoding to copy filtered resources.
2019-11-04 17:11:25,008 [Worker-44: Launching myportal-client - MyportalClientApplication] INFO  o.e.m.c.i.embedder.EclipseLogger - Copying 1 resource
2019-11-04 17:11:25,009 [Worker-44: Launching myportal-client - MyportalClientApplication] INFO  o.e.m.c.i.embedder.EclipseLogger - Copying 0 resource
2019-11-04 17:11:25,010 [Worker-44: Launching myportal-client - MyportalClientApplication] INFO  o.e.m.c.i.embedder.EclipseLogger - Using 'UTF-8' encoding to copy filtered resources.
2019-11-04 17:11:25,011 [Worker-44: Launching myportal-client - MyportalClientApplication] INFO  o.e.m.c.i.embedder.EclipseLogger - skip non existing resourceDirectory /home/manjunath/Downloads/SpringBootLearn/myportal-client/src/test/resources
2019-11-04 17:12:19,906 [Worker-36: Launching myportal-client - MyportalClientApplication] INFO  o.e.m.c.i.embedder.EclipseLogger - Using 'UTF-8' encoding to copy filtered resources.
2019-11-04 17:12:19,906 [Worker-36: Launching myportal-client - MyportalClientApplication] INFO  o.e.m.c.i.embedder.EclipseLogger - Copying 1 resource
2019-11-04 17:12:19,907 [Worker-36: Launching myportal-client - MyportalClientApplication] INFO  o.e.m.c.i.embedder.EclipseLogger - Copying 0 resource
2019-11-04 17:12:19,910 [Worker-36: Launching myportal-client - MyportalClientApplication] INFO  o.e.m.c.i.embedder.EclipseLogger - Using 'UTF-8' encoding to copy filtered resources.
2019-11-04 17:12:19,910 [Worker-36: Launching myportal-client - MyportalClientApplication] INFO  o.e.m.c.i.embedder.EclipseLogger - skip non existing resourceDirectory /home/manjunath/Downloads/SpringBootLearn/myportal-client/src/test/resources
2019-11-04 17:13:58,469 [Worker-44: Launching myportal-client - MyportalClientApplication] INFO  o.e.m.c.i.embedder.EclipseLogger - Using 'UTF-8' encoding to copy filtered resources.
2019-11-04 17:13:58,470 [Worker-44: Launching myportal-client - MyportalClientApplication] INFO  o.e.m.c.i.embedder.EclipseLogger - Copying 1 resource
2019-11-04 17:13:58,471 [Worker-44: Launching myportal-client - MyportalClientApplication] INFO  o.e.m.c.i.embedder.EclipseLogger - Copying 2 resources
2019-11-04 17:13:58,472 [Worker-44: Launching myportal-client - MyportalClientApplication] INFO  o.e.m.c.i.embedder.EclipseLogger - Using 'UTF-8' encoding to copy filtered resources.
2019-11-04 17:13:58,473 [Worker-44: Launching myportal-client - MyportalClientApplication] INFO  o.e.m.c.i.embedder.EclipseLogger - skip non existing resourceDirectory /home/manjunath/Downloads/SpringBootLearn/myportal-client/src/test/resources
2019-11-04 17:19:09,262 [Worker-44: Updating Maven Project] INFO  o.e.m.c.i.p.ProjectConfigurationManager - Update started
2019-11-04 17:19:10,037 [Worker-44: Updating Maven Project] INFO  o.e.m.c.i.l.LifecycleMappingFactory - Using org.eclipse.m2e.jdt.JarLifecycleMapping lifecycle mapping for MavenProject: com.Example:myportal-client:0.0.1-SNAPSHOT @ /home/manjunath/Downloads/SpringBootLearn/myportal-client/pom.xml.
2019-11-04 17:19:10,701 [Worker-44: Updating Maven Project] INFO  o.e.m.j.i.AbstractJavaProjectConfigurator - Adding source folder /myportal-client/src/main/java
2019-11-04 17:19:10,702 [Worker-44: Updating Maven Project] INFO  o.e.m.j.i.AbstractJavaProjectConfigurator - Adding resource folder /myportal-client/src/main/resources
2019-11-04 17:19:10,702 [Worker-44: Updating Maven Project] INFO  o.e.m.j.i.AbstractJavaProjectConfigurator - Adding resource folder /myportal-client/src/main/resources
2019-11-04 17:19:10,702 [Worker-44: Updating Maven Project] INFO  o.e.m.j.i.AbstractJavaProjectConfigurator - Adding source folder /myportal-client/src/test/java
2019-11-04 17:19:10,941 [Worker-44: Updating Maven Project] INFO  o.e.m.c.i.p.ProjectConfigurationManager - Update completed: 1 sec
2019-11-04 17:19:23,107 [Worker-44: Launching myportal-client - MyportalClientApplication] INFO  o.e.m.c.i.embedder.EclipseLogger - Using 'UTF-8' encoding to copy filtered resources.
2019-11-04 17:19:23,108 [Worker-44: Launching myportal-client - MyportalClientApplication] INFO  o.e.m.c.i.embedder.EclipseLogger - Copying 1 resource
2019-11-04 17:19:23,127 [Worker-44: Launching myportal-client - MyportalClientApplication] INFO  o.e.m.c.i.embedder.EclipseLogger - Copying 3 resources
2019-11-04 17:19:23,136 [Worker-44: Launching myportal-client - MyportalClientApplication] INFO  o.e.m.c.i.embedder.EclipseLogger - Using 'UTF-8' encoding to copy filtered resources.
2019-11-04 17:19:23,136 [Worker-44: Launching myportal-client - MyportalClientApplication] INFO  o.e.m.c.i.embedder.EclipseLogger - skip non existing resourceDirectory /home/manjunath/Downloads/SpringBootLearn/myportal-client/src/test/resources
2019-11-04 17:22:30,747 [Worker-40: Launching myportal-client - MyportalClientApplication] INFO  o.e.m.c.i.embedder.EclipseLogger - Using 'UTF-8' encoding to copy filtered resources.
2019-11-04 17:22:30,751 [Worker-40: Launching myportal-client - MyportalClientApplication] INFO  o.e.m.c.i.embedder.EclipseLogger - Copying 1 resource
2019-11-04 17:22:30,752 [Worker-40: Launching myportal-client - MyportalClientApplication] INFO  o.e.m.c.i.embedder.EclipseLogger - Copying 3 resources
2019-11-04 17:22:30,754 [Worker-40: Launching myportal-client - MyportalClientApplication] INFO  o.e.m.c.i.embedder.EclipseLogger - Using 'UTF-8' encoding to copy filtered resources.
2019-11-04 17:22:30,754 [Worker-40: Launching myportal-client - MyportalClientApplication] INFO  o.e.m.c.i.embedder.EclipseLogger - skip non existing resourceDirectory /home/manjunath/Downloads/SpringBootLearn/myportal-client/src/test/resources
2019-11-04 17:23:18,797 [Worker-42: Launching myportal-client - MyportalClientApplication] INFO  o.e.m.c.i.embedder.EclipseLogger - Using 'UTF-8' encoding to copy filtered resources.
2019-11-04 17:23:18,797 [Worker-42: Launching myportal-client - MyportalClientApplication] INFO  o.e.m.c.i.embedder.EclipseLogger - Copying 1 resource
2019-11-04 17:23:18,798 [Worker-42: Launching myportal-client - MyportalClientApplication] INFO  o.e.m.c.i.embedder.EclipseLogger - Copying 0 resource
2019-11-04 17:23:18,800 [Worker-42: Launching myportal-client - MyportalClientApplication] INFO  o.e.m.c.i.embedder.EclipseLogger - Using 'UTF-8' encoding to copy filtered resources.
2019-11-04 17:23:18,800 [Worker-42: Launching myportal-client - MyportalClientApplication] INFO  o.e.m.c.i.embedder.EclipseLogger - skip non existing resourceDirectory /home/manjunath/Downloads/SpringBootLearn/myportal-client/src/test/resources
2019-11-04 17:24:09,120 [Worker-46: Launching myportal-client - MyportalClientApplication] INFO  o.e.m.c.i.embedder.EclipseLogger - Using 'UTF-8' encoding to copy filtered resources.
2019-11-04 17:24:09,120 [Worker-46: Launching myportal-client - MyportalClientApplication] INFO  o.e.m.c.i.embedder.EclipseLogger - Copying 1 resource
2019-11-04 17:24:09,121 [Worker-46: Launching myportal-client - MyportalClientApplication] INFO  o.e.m.c.i.embedder.EclipseLogger - Copying 3 resources
2019-11-04 17:24:09,122 [Worker-46: Launching myportal-client - MyportalClientApplication] INFO  o.e.m.c.i.embedder.EclipseLogger - Using 'UTF-8' encoding to copy filtered resources.
2019-11-04 17:24:09,122 [Worker-46: Launching myportal-client - MyportalClientApplication] INFO  o.e.m.c.i.embedder.EclipseLogger - skip non existing resourceDirectory /home/manjunath/Downloads/SpringBootLearn/myportal-client/src/test/resources
2019-11-04 17:26:15,569 [Worker-43: Launching myportal-client - MyportalClientApplication] INFO  o.e.m.c.i.embedder.EclipseLogger - Using 'UTF-8' encoding to copy filtered resources.
2019-11-04 17:26:15,570 [Worker-43: Launching myportal-client - MyportalClientApplication] INFO  o.e.m.c.i.embedder.EclipseLogger - Copying 1 resource
2019-11-04 17:26:15,571 [Worker-43: Launching myportal-client - MyportalClientApplication] INFO  o.e.m.c.i.embedder.EclipseLogger - Copying 0 resource
2019-11-04 17:26:15,574 [Worker-43: Launching myportal-client - MyportalClientApplication] INFO  o.e.m.c.i.embedder.EclipseLogger - Using 'UTF-8' encoding to copy filtered resources.
2019-11-04 17:26:15,574 [Worker-43: Launching myportal-client - MyportalClientApplication] INFO  o.e.m.c.i.embedder.EclipseLogger - skip non existing resourceDirectory /home/manjunath/Downloads/SpringBootLearn/myportal-client/src/test/resources
2019-11-04 17:26:44,508 [Worker-40: Updating Maven Project] INFO  o.e.m.c.i.p.ProjectConfigurationManager - Update started
2019-11-04 17:26:44,877 [Worker-40: Updating Maven Project] INFO  o.e.m.c.i.l.LifecycleMappingFactory - Using org.eclipse.m2e.jdt.JarLifecycleMapping lifecycle mapping for MavenProject: com.Example:myportal-client:0.0.1-SNAPSHOT @ /home/manjunath/Downloads/SpringBootLearn/myportal-client/pom.xml.
2019-11-04 17:26:45,435 [Worker-40: Updating Maven Project] INFO  o.e.m.j.i.AbstractJavaProjectConfigurator - Adding source folder /myportal-client/src/main/java
2019-11-04 17:26:45,435 [Worker-40: Updating Maven Project] INFO  o.e.m.j.i.AbstractJavaProjectConfigurator - Adding resource folder /myportal-client/src/main/resources
2019-11-04 17:26:45,436 [Worker-40: Updating Maven Project] INFO  o.e.m.j.i.AbstractJavaProjectConfigurator - Adding resource folder /myportal-client/src/main/resources
2019-11-04 17:26:45,436 [Worker-40: Updating Maven Project] INFO  o.e.m.j.i.AbstractJavaProjectConfigurator - Adding source folder /myportal-client/src/test/java
2019-11-04 17:26:45,497 [Worker-40: Updating Maven Project] INFO  o.e.m.c.i.p.ProjectConfigurationManager - Update completed: 0 sec
2019-11-04 17:27:27,134 [Worker-44: Launching myportal-client - MyportalClientApplication] INFO  o.e.m.c.i.embedder.EclipseLogger - Using 'UTF-8' encoding to copy filtered resources.
2019-11-04 17:27:27,135 [Worker-44: Launching myportal-client - MyportalClientApplication] INFO  o.e.m.c.i.embedder.EclipseLogger - Copying 1 resource
2019-11-04 17:27:27,146 [Worker-44: Launching myportal-client - MyportalClientApplication] INFO  o.e.m.c.i.embedder.EclipseLogger - Copying 2 resources
2019-11-04 17:27:27,150 [Worker-44: Launching myportal-client - MyportalClientApplication] INFO  o.e.m.c.i.embedder.EclipseLogger - Using 'UTF-8' encoding to copy filtered resources.
2019-11-04 17:27:27,150 [Worker-44: Launching myportal-client - MyportalClientApplication] INFO  o.e.m.c.i.embedder.EclipseLogger - skip non existing resourceDirectory /home/manjunath/Downloads/SpringBootLearn/myportal-client/src/test/resources
2019-11-04 17:27:49,246 [Worker-44: Launching myportal-client - MyportalClientApplication] INFO  o.e.m.c.i.embedder.EclipseLogger - Using 'UTF-8' encoding to copy filtered resources.
2019-11-04 17:27:49,248 [Worker-44: Launching myportal-client - MyportalClientApplication] INFO  o.e.m.c.i.embedder.EclipseLogger - Copying 1 resource
2019-11-04 17:27:49,248 [Worker-44: Launching myportal-client - MyportalClientApplication] INFO  o.e.m.c.i.embedder.EclipseLogger - Copying 2 resources
2019-11-04 17:27:49,254 [Worker-44: Launching myportal-client - MyportalClientApplication] INFO  o.e.m.c.i.embedder.EclipseLogger - Using 'UTF-8' encoding to copy filtered resources.
2019-11-04 17:27:49,254 [Worker-44: Launching myportal-client - MyportalClientApplication] INFO  o.e.m.c.i.embedder.EclipseLogger - skip non existing resourceDirectory /home/manjunath/Downloads/SpringBootLearn/myportal-client/src/test/resources
2019-11-04 17:28:20,802 [Worker-48: Launching myportal-client - MyportalClientApplication] INFO  o.e.m.c.i.embedder.EclipseLogger - Using 'UTF-8' encoding to copy filtered resources.
2019-11-04 17:28:20,802 [Worker-48: Launching myportal-client - MyportalClientApplication] INFO  o.e.m.c.i.embedder.EclipseLogger - Copying 1 resource
2019-11-04 17:28:20,803 [Worker-48: Launching myportal-client - MyportalClientApplication] INFO  o.e.m.c.i.embedder.EclipseLogger - Copying 0 resource
2019-11-04 17:28:20,804 [Worker-48: Launching myportal-client - MyportalClientApplication] INFO  o.e.m.c.i.embedder.EclipseLogger - Using 'UTF-8' encoding to copy filtered resources.
2019-11-04 17:28:20,804 [Worker-48: Launching myportal-client - MyportalClientApplication] INFO  o.e.m.c.i.embedder.EclipseLogger - skip non existing resourceDirectory /home/manjunath/Downloads/SpringBootLearn/myportal-client/src/test/resources
2019-11-04 17:28:54,393 [Worker-46: Launching myportal-client - MyportalClientApplication] INFO  o.e.m.c.i.embedder.EclipseLogger - Using 'UTF-8' encoding to copy filtered resources.
2019-11-04 17:28:54,393 [Worker-46: Launching myportal-client - MyportalClientApplication] INFO  o.e.m.c.i.embedder.EclipseLogger - Copying 1 resource
2019-11-04 17:28:54,394 [Worker-46: Launching myportal-client - MyportalClientApplication] INFO  o.e.m.c.i.embedder.EclipseLogger - Copying 0 resource
2019-11-04 17:28:54,395 [Worker-46: Launching myportal-client - MyportalClientApplication] INFO  o.e.m.c.i.embedder.EclipseLogger - Using 'UTF-8' encoding to copy filtered resources.
2019-11-04 17:28:54,395 [Worker-46: Launching myportal-client - MyportalClientApplication] INFO  o.e.m.c.i.embedder.EclipseLogger - skip non existing resourceDirectory /home/manjunath/Downloads/SpringBootLearn/myportal-client/src/test/resources
2019-11-04 17:30:05,713 [Worker-43: Launching myportal-client - MyportalClientApplication] INFO  o.e.m.c.i.embedder.EclipseLogger - Using 'UTF-8' encoding to copy filtered resources.
2019-11-04 17:30:05,713 [Worker-43: Launching myportal-client - MyportalClientApplication] INFO  o.e.m.c.i.embedder.EclipseLogger - Copying 1 resource
2019-11-04 17:30:05,714 [Worker-43: Launching myportal-client - MyportalClientApplication] INFO  o.e.m.c.i.embedder.EclipseLogger - Copying 2 resources
2019-11-04 17:30:05,716 [Worker-43: Launching myportal-client - MyportalClientApplication] INFO  o.e.m.c.i.embedder.EclipseLogger - Using 'UTF-8' encoding to copy filtered resources.
2019-11-04 17:30:05,716 [Worker-43: Launching myportal-client - MyportalClientApplication] INFO  o.e.m.c.i.embedder.EclipseLogger - skip non existing resourceDirectory /home/manjunath/Downloads/SpringBootLearn/myportal-client/src/test/resources
2019-11-04 17:31:42,388 [Worker-46: Updating Maven Project] INFO  o.e.m.c.i.p.ProjectConfigurationManager - Update started
2019-11-04 17:31:42,826 [Worker-46: Updating Maven Project] INFO  o.e.m.c.i.l.LifecycleMappingFactory - Using org.eclipse.m2e.jdt.JarLifecycleMapping lifecycle mapping for MavenProject: com.Example:myportal-client:0.0.1-SNAPSHOT @ /home/manjunath/Downloads/SpringBootLearn/myportal-client/pom.xml.
2019-11-04 17:31:43,098 [Worker-46: Updating Maven Project] INFO  o.e.m.j.i.AbstractJavaProjectConfigurator - Adding source folder /myportal-client/src/main/java
2019-11-04 17:31:43,099 [Worker-46: Updating Maven Project] INFO  o.e.m.j.i.AbstractJavaProjectConfigurator - Adding resource folder /myportal-client/src/main/resources
2019-11-04 17:31:43,099 [Worker-46: Updating Maven Project] INFO  o.e.m.j.i.AbstractJavaProjectConfigurator - Adding resource folder /myportal-client/src/main/resources
2019-11-04 17:31:43,099 [Worker-46: Updating Maven Project] INFO  o.e.m.j.i.AbstractJavaProjectConfigurator - Adding source folder /myportal-client/src/test/java
2019-11-04 17:31:43,181 [Worker-46: Updating Maven Project] INFO  o.e.m.c.i.p.ProjectConfigurationManager - Update completed: 0 sec
2019-11-04 17:31:50,514 [Worker-50: Launching myportal-client - MyportalClientApplication] INFO  o.e.m.c.i.embedder.EclipseLogger - Using 'UTF-8' encoding to copy filtered resources.
2019-11-04 17:31:50,515 [Worker-50: Launching myportal-client - MyportalClientApplication] INFO  o.e.m.c.i.embedder.EclipseLogger - Copying 1 resource
2019-11-04 17:31:50,525 [Worker-50: Launching myportal-client - MyportalClientApplication] INFO  o.e.m.c.i.embedder.EclipseLogger - Copying 2 resources
2019-11-04 17:31:50,529 [Worker-50: Launching myportal-client - MyportalClientApplication] INFO  o.e.m.c.i.embedder.EclipseLogger - Using 'UTF-8' encoding to copy filtered resources.
2019-11-04 17:31:50,529 [Worker-50: Launching myportal-client - MyportalClientApplication] INFO  o.e.m.c.i.embedder.EclipseLogger - skip non existing resourceDirectory /home/manjunath/Downloads/SpringBootLearn/myportal-client/src/test/resources
2019-11-04 17:32:35,059 [Worker-49: Launching myportal-client - MyportalClientApplication] INFO  o.e.m.c.i.embedder.EclipseLogger - Using 'UTF-8' encoding to copy filtered resources.
2019-11-04 17:32:35,068 [Worker-49: Launching myportal-client - MyportalClientApplication] INFO  o.e.m.c.i.embedder.EclipseLogger - Copying 1 resource
2019-11-04 17:32:35,070 [Worker-49: Launching myportal-client - MyportalClientApplication] INFO  o.e.m.c.i.embedder.EclipseLogger - Copying 2 resources
2019-11-04 17:32:35,073 [Worker-49: Launching myportal-client - MyportalClientApplication] INFO  o.e.m.c.i.embedder.EclipseLogger - Using 'UTF-8' encoding to copy filtered resources.
2019-11-04 17:32:35,073 [Worker-49: Launching myportal-client - MyportalClientApplication] INFO  o.e.m.c.i.embedder.EclipseLogger - skip non existing resourceDirectory /home/manjunath/Downloads/SpringBootLearn/myportal-client/src/test/resources
2019-11-04 17:35:03,921 [Worker-52: Launching myportal-client - MyportalClientApplication] INFO  o.e.m.c.i.l.LifecycleMappingFactory - Using org.eclipse.m2e.jdt.JarLifecycleMapping lifecycle mapping for MavenProject: com.Example:myportal-client:0.0.1-SNAPSHOT @ /home/manjunath/Downloads/SpringBootLearn/myportal-client/pom.xml.
2019-11-04 17:35:04,200 [Worker-52: Launching myportal-client - MyportalClientApplication] INFO  o.e.m.c.i.embedder.EclipseLogger - Using 'UTF-8' encoding to copy filtered resources.
2019-11-04 17:35:04,204 [Worker-52: Launching myportal-client - MyportalClientApplication] INFO  o.e.m.c.i.embedder.EclipseLogger - Copying 0 resource
2019-11-04 17:35:04,204 [Worker-52: Launching myportal-client - MyportalClientApplication] INFO  o.e.m.c.i.embedder.EclipseLogger - Copying 0 resource
2019-11-04 17:35:04,206 [Worker-52: Launching myportal-client - MyportalClientApplication] INFO  o.e.m.c.i.embedder.EclipseLogger - Using 'UTF-8' encoding to copy filtered resources.
2019-11-04 17:35:04,206 [Worker-52: Launching myportal-client - MyportalClientApplication] INFO  o.e.m.c.i.embedder.EclipseLogger - skip non existing resourceDirectory /home/manjunath/Downloads/SpringBootLearn/myportal-client/src/test/resources
2019-11-04 17:37:19,461 [Worker-52: Launching myportal-client - MyportalClientApplication] INFO  o.e.m.c.i.embedder.EclipseLogger - Using 'UTF-8' encoding to copy filtered resources.
2019-11-04 17:37:19,462 [Worker-52: Launching myportal-client - MyportalClientApplication] INFO  o.e.m.c.i.embedder.EclipseLogger - Copying 1 resource
2019-11-04 17:37:19,473 [Worker-52: Launching myportal-client - MyportalClientApplication] INFO  o.e.m.c.i.embedder.EclipseLogger - Copying 2 resources
2019-11-04 17:37:19,477 [Worker-52: Launching myportal-client - MyportalClientApplication] INFO  o.e.m.c.i.embedder.EclipseLogger - Using 'UTF-8' encoding to copy filtered resources.
2019-11-04 17:37:19,477 [Worker-52: Launching myportal-client - MyportalClientApplication] INFO  o.e.m.c.i.embedder.EclipseLogger - skip non existing resourceDirectory /home/manjunath/Downloads/SpringBootLearn/myportal-client/src/test/resources
2019-11-04 17:40:00,632 [Worker-48: Launching myportal-client - MyportalClientApplication] INFO  o.e.m.c.i.embedder.EclipseLogger - Using 'UTF-8' encoding to copy filtered resources.
2019-11-04 17:40:00,633 [Worker-48: Launching myportal-client - MyportalClientApplication] INFO  o.e.m.c.i.embedder.EclipseLogger - Copying 1 resource
2019-11-04 17:40:00,633 [Worker-48: Launching myportal-client - MyportalClientApplication] INFO  o.e.m.c.i.embedder.EclipseLogger - Copying 2 resources
2019-11-04 17:40:00,635 [Worker-48: Launching myportal-client - MyportalClientApplication] INFO  o.e.m.c.i.embedder.EclipseLogger - Using 'UTF-8' encoding to copy filtered resources.
2019-11-04 17:40:00,635 [Worker-48: Launching myportal-client - MyportalClientApplication] INFO  o.e.m.c.i.embedder.EclipseLogger - skip non existing resourceDirectory /home/manjunath/Downloads/SpringBootLearn/myportal-client/src/test/resources
2019-11-04 17:45:59,305 [Worker-49: Launching MyportalClientApplication] INFO  o.e.m.c.i.embedder.EclipseLogger - Using 'UTF-8' encoding to copy filtered resources.
2019-11-04 17:45:59,305 [Worker-49: Launching MyportalClientApplication] INFO  o.e.m.c.i.embedder.EclipseLogger - Copying 1 resource
2019-11-04 17:45:59,306 [Worker-49: Launching MyportalClientApplication] INFO  o.e.m.c.i.embedder.EclipseLogger - Copying 0 resource
2019-11-04 17:45:59,307 [Worker-49: Launching MyportalClientApplication] INFO  o.e.m.c.i.embedder.EclipseLogger - Using 'UTF-8' encoding to copy filtered resources.
2019-11-04 17:45:59,307 [Worker-49: Launching MyportalClientApplication] INFO  o.e.m.c.i.embedder.EclipseLogger - skip non existing resourceDirectory /home/manjunath/Downloads/SpringBootLearn/myportal-client/src/test/resources
2019-11-04 17:46:35,893 [Worker-55: Launching MyportalClientApplication] INFO  o.e.m.c.i.l.LifecycleMappingFactory - Using org.eclipse.m2e.jdt.JarLifecycleMapping lifecycle mapping for MavenProject: com.Example:myportal-client:0.0.1-SNAPSHOT @ /home/manjunath/Downloads/SpringBootLearn/myportal-client/pom.xml.
2019-11-04 17:46:36,243 [Worker-55: Launching MyportalClientApplication] INFO  o.e.m.c.i.embedder.EclipseLogger - Using 'UTF-8' encoding to copy filtered resources.
2019-11-04 17:46:36,248 [Worker-55: Launching MyportalClientApplication] INFO  o.e.m.c.i.embedder.EclipseLogger - Copying 0 resource
2019-11-04 17:46:36,249 [Worker-55: Launching MyportalClientApplication] INFO  o.e.m.c.i.embedder.EclipseLogger - Copying 0 resource
2019-11-04 17:46:36,253 [Worker-55: Launching MyportalClientApplication] INFO  o.e.m.c.i.embedder.EclipseLogger - Using 'UTF-8' encoding to copy filtered resources.
2019-11-04 17:46:36,254 [Worker-55: Launching MyportalClientApplication] INFO  o.e.m.c.i.embedder.EclipseLogger - skip non existing resourceDirectory /home/manjunath/Downloads/SpringBootLearn/myportal-client/src/test/resources
2019-11-04 17:48:02,865 [Worker-46: Launching myportal-client - MyportalClientApplication] INFO  o.e.m.c.i.embedder.EclipseLogger - Using 'UTF-8' encoding to copy filtered resources.
2019-11-04 17:48:02,865 [Worker-46: Launching myportal-client - MyportalClientApplication] INFO  o.e.m.c.i.embedder.EclipseLogger - Copying 1 resource
2019-11-04 17:48:02,879 [Worker-46: Launching myportal-client - MyportalClientApplication] INFO  o.e.m.c.i.embedder.EclipseLogger - Copying 2 resources
2019-11-04 17:48:02,892 [Worker-46: Launching myportal-client - MyportalClientApplication] INFO  o.e.m.c.i.embedder.EclipseLogger - Using 'UTF-8' encoding to copy filtered resources.
2019-11-04 17:48:02,892 [Worker-46: Launching myportal-client - MyportalClientApplication] INFO  o.e.m.c.i.embedder.EclipseLogger - skip non existing resourceDirectory /home/manjunath/Downloads/SpringBootLearn/myportal-client/src/test/resources
2019-11-04 17:49:13,152 [Worker-49: Updating Maven Project] INFO  o.e.m.c.i.p.ProjectConfigurationManager - Update started
2019-11-04 17:49:13,509 [Worker-49: Updating Maven Project] INFO  o.e.m.c.i.l.LifecycleMappingFactory - Using org.eclipse.m2e.jdt.JarLifecycleMapping lifecycle mapping for MavenProject: com.Example:myportal-client:0.0.1-SNAPSHOT @ /home/manjunath/Downloads/SpringBootLearn/myportal-client/pom.xml.
2019-11-04 17:49:13,833 [Worker-49: Updating Maven Project] INFO  o.e.m.j.i.AbstractJavaProjectConfigurator - Adding source folder /myportal-client/src/main/java
2019-11-04 17:49:13,833 [Worker-49: Updating Maven Project] INFO  o.e.m.j.i.AbstractJavaProjectConfigurator - Adding resource folder /myportal-client/src/main/resources
2019-11-04 17:49:13,833 [Worker-49: Updating Maven Project] INFO  o.e.m.j.i.AbstractJavaProjectConfigurator - Adding resource folder /myportal-client/src/main/resources
2019-11-04 17:49:13,834 [Worker-49: Updating Maven Project] INFO  o.e.m.j.i.AbstractJavaProjectConfigurator - Adding source folder /myportal-client/src/test/java
2019-11-04 17:49:13,933 [Worker-49: Updating Maven Project] INFO  o.e.m.c.i.p.ProjectConfigurationManager - Update completed: 0 sec
2019-11-04 17:49:26,428 [main] INFO  o.e.m2e.actions.ExecutePomAction - Creating new launch configuration
2019-11-04 17:49:33,596 [Worker-46: Launching myportal-client] INFO  o.e.m.i.launch.MavenLaunchDelegate - /home/manjunath/Downloads/SpringBootLearn/myportal-client
2019-11-04 17:49:33,596 [Worker-46: Launching myportal-client] INFO  o.e.m.i.launch.MavenLaunchDelegate -  mvn -Ppom.xml -B clean install -Dstyle.color=always
2019-11-04 17:50:20,690 [Worker-49: Launching myportal-client - MyportalClientApplication] INFO  o.e.m.c.i.embedder.EclipseLogger - Using 'UTF-8' encoding to copy filtered resources.
2019-11-04 17:50:20,691 [Worker-49: Launching myportal-client - MyportalClientApplication] INFO  o.e.m.c.i.embedder.EclipseLogger - Copying 1 resource
2019-11-04 17:50:20,704 [Worker-49: Launching myportal-client - MyportalClientApplication] INFO  o.e.m.c.i.embedder.EclipseLogger - Copying 2 resources
2019-11-04 17:50:20,706 [Worker-49: Launching myportal-client - MyportalClientApplication] INFO  o.e.m.c.i.embedder.EclipseLogger - Using 'UTF-8' encoding to copy filtered resources.
2019-11-04 17:50:20,706 [Worker-49: Launching myportal-client - MyportalClientApplication] INFO  o.e.m.c.i.embedder.EclipseLogger - skip non existing resourceDirectory /home/manjunath/Downloads/SpringBootLearn/myportal-client/src/test/resources
2019-11-04 17:53:00,178 [Worker-59: Launching myportal-client - MyportalClientApplication] INFO  o.e.m.c.i.l.LifecycleMappingFactory - Using org.eclipse.m2e.jdt.JarLifecycleMapping lifecycle mapping for MavenProject: com.Example:myportal-client:0.0.1-SNAPSHOT @ /home/manjunath/Downloads/SpringBootLearn/myportal-client/pom.xml.
2019-11-04 17:53:01,338 [Worker-59: Launching myportal-client - MyportalClientApplication] INFO  o.e.m.c.i.embedder.EclipseLogger - Using 'UTF-8' encoding to copy filtered resources.
2019-11-04 17:53:01,341 [Worker-59: Launching myportal-client - MyportalClientApplication] INFO  o.e.m.c.i.embedder.EclipseLogger - Copying 0 resource
2019-11-04 17:53:01,341 [Worker-59: Launching myportal-client - MyportalClientApplication] INFO  o.e.m.c.i.embedder.EclipseLogger - Copying 0 resource
2019-11-04 17:53:01,343 [Worker-59: Launching myportal-client - MyportalClientApplication] INFO  o.e.m.c.i.embedder.EclipseLogger - Using 'UTF-8' encoding to copy filtered resources.
2019-11-04 17:53:01,343 [Worker-59: Launching myportal-client - MyportalClientApplication] INFO  o.e.m.c.i.embedder.EclipseLogger - skip non existing resourceDirectory /home/manjunath/Downloads/SpringBootLearn/myportal-client/src/test/resources
2019-11-04 17:54:55,291 [Worker-49: Launching myportal-client - MyportalClientApplication] INFO  o.e.m.c.i.l.LifecycleMappingFactory - Using org.eclipse.m2e.jdt.JarLifecycleMapping lifecycle mapping for MavenProject: com.Example:myportal-client:0.0.1-SNAPSHOT @ /home/manjunath/Downloads/SpringBootLearn/myportal-client/pom.xml.
2019-11-04 17:54:55,753 [Worker-49: Launching myportal-client - MyportalClientApplication] INFO  o.e.m.c.i.embedder.EclipseLogger - Using 'UTF-8' encoding to copy filtered resources.
2019-11-04 17:54:55,757 [Worker-49: Launching myportal-client - MyportalClientApplication] INFO  o.e.m.c.i.embedder.EclipseLogger - Copying 1 resource
2019-11-04 17:54:55,771 [Worker-49: Launching myportal-client - MyportalClientApplication] INFO  o.e.m.c.i.embedder.EclipseLogger - Copying 2 resources
2019-11-04 17:54:55,777 [Worker-49: Launching myportal-client - MyportalClientApplication] INFO  o.e.m.c.i.embedder.EclipseLogger - Using 'UTF-8' encoding to copy filtered resources.
2019-11-04 17:54:55,778 [Worker-49: Launching myportal-client - MyportalClientApplication] INFO  o.e.m.c.i.embedder.EclipseLogger - skip non existing resourceDirectory /home/manjunath/Downloads/SpringBootLearn/myportal-client/src/test/resources
2019-11-04 17:56:17,316 [Worker-55: Launching Executing clean in _home_manjunath_Downloads_SpringBootLearn_myportal-client] INFO  o.e.m.i.launch.MavenLaunchDelegate - /home/manjunath/Downloads/SpringBootLearn/myportal-client
2019-11-04 17:56:17,316 [Worker-55: Launching Executing clean in _home_manjunath_Downloads_SpringBootLearn_myportal-client] INFO  o.e.m.i.launch.MavenLaunchDelegate -  mvn -Ppom.xml -B clean -Dstyle.color=always
2019-11-04 17:56:45,131 [Worker-55: Launching MyportalClientApplication] INFO  o.e.m.c.i.embedder.EclipseLogger - Using 'UTF-8' encoding to copy filtered resources.
2019-11-04 17:56:45,131 [Worker-55: Launching MyportalClientApplication] INFO  o.e.m.c.i.embedder.EclipseLogger - Copying 1 resource
2019-11-04 17:56:45,132 [Worker-55: Launching MyportalClientApplication] INFO  o.e.m.c.i.embedder.EclipseLogger - Copying 2 resources
2019-11-04 17:56:45,134 [Worker-55: Launching MyportalClientApplication] INFO  o.e.m.c.i.embedder.EclipseLogger - Using 'UTF-8' encoding to copy filtered resources.
2019-11-04 17:56:45,134 [Worker-55: Launching MyportalClientApplication] INFO  o.e.m.c.i.embedder.EclipseLogger - skip non existing resourceDirectory /home/manjunath/Downloads/SpringBootLearn/myportal-client/src/test/resources
2019-11-04 17:57:25,443 [Worker-60: Updating Maven Project] INFO  o.e.m.c.i.p.ProjectConfigurationManager - Update started
2019-11-04 17:57:25,718 [Worker-60: Updating Maven Project] INFO  o.e.m.c.i.l.LifecycleMappingFactory - Using org.eclipse.m2e.jdt.JarLifecycleMapping lifecycle mapping for MavenProject: com.Example:myportal-client:0.0.1-SNAPSHOT @ /home/manjunath/Downloads/SpringBootLearn/myportal-client/pom.xml.
2019-11-04 17:57:26,103 [Worker-60: Updating Maven Project] INFO  o.e.m.j.i.AbstractJavaProjectConfigurator - Adding source folder /myportal-client/src/main/java
2019-11-04 17:57:26,103 [Worker-60: Updating Maven Project] INFO  o.e.m.j.i.AbstractJavaProjectConfigurator - Adding resource folder /myportal-client/src/main/resources
2019-11-04 17:57:26,103 [Worker-60: Updating Maven Project] INFO  o.e.m.j.i.AbstractJavaProjectConfigurator - Adding resource folder /myportal-client/src/main/resources
2019-11-04 17:57:26,104 [Worker-60: Updating Maven Project] INFO  o.e.m.j.i.AbstractJavaProjectConfigurator - Adding source folder /myportal-client/src/test/java
2019-11-04 17:57:26,154 [Worker-60: Updating Maven Project] INFO  o.e.m.c.i.p.ProjectConfigurationManager - Update completed: 0 sec
2019-11-04 17:57:53,243 [Worker-60: Launching MyportalClientApplication] INFO  o.e.m.c.i.embedder.EclipseLogger - Using 'UTF-8' encoding to copy filtered resources.
2019-11-04 17:57:53,244 [Worker-60: Launching MyportalClientApplication] INFO  o.e.m.c.i.embedder.EclipseLogger - Copying 1 resource
2019-11-04 17:57:53,255 [Worker-60: Launching MyportalClientApplication] INFO  o.e.m.c.i.embedder.EclipseLogger - Copying 2 resources
2019-11-04 17:57:53,261 [Worker-60: Launching MyportalClientApplication] INFO  o.e.m.c.i.embedder.EclipseLogger - Using 'UTF-8' encoding to copy filtered resources.
2019-11-04 17:57:53,262 [Worker-60: Launching MyportalClientApplication] INFO  o.e.m.c.i.embedder.EclipseLogger - skip non existing resourceDirectory /home/manjunath/Downloads/SpringBootLearn/myportal-client/src/test/resources
2019-11-04 18:00:09,752 [Worker-57: Import Getting Started Content] INFO  o.e.m.c.i.l.LifecycleMappingFactory - Using org.eclipse.m2e.jdt.JarLifecycleMapping lifecycle mapping for MavenProject: com.example:client-portal:0.0.1-SNAPSHOT @ /home/manjunath/Downloads/jaxb-json-example-code/client-portal/pom.xml.
2019-11-04 18:00:10,132 [Worker-57: Import Getting Started Content] INFO  o.e.m.j.i.AbstractJavaProjectConfigurator - Adding source folder /client-portal/src/main/java
2019-11-04 18:00:10,132 [Worker-57: Import Getting Started Content] INFO  o.e.m.j.i.AbstractJavaProjectConfigurator - Adding resource folder /client-portal/src/main/resources
2019-11-04 18:00:10,135 [Worker-57: Import Getting Started Content] INFO  o.e.m.j.i.AbstractJavaProjectConfigurator - Adding resource folder /client-portal/src/main/resources
2019-11-04 18:00:10,138 [Worker-57: Import Getting Started Content] INFO  o.e.m.j.i.AbstractJavaProjectConfigurator - Adding source folder /client-portal/src/test/java
2019-11-04 18:00:10,289 [Worker-57: Import Getting Started Content] INFO  o.e.m.c.i.p.ProjectConfigurationManager - Imported and configured 1 project(s) in 0 sec
2019-11-04 18:00:10,290 [Worker-57: Import Getting Started Content] INFO  o.e.m.c.i.p.ProjectConfigurationManager - Update started
2019-11-04 18:00:10,435 [Worker-57: Import Getting Started Content] INFO  o.e.m.c.i.l.LifecycleMappingFactory - Using org.eclipse.m2e.jdt.JarLifecycleMapping lifecycle mapping for MavenProject: com.example:client-portal:0.0.1-SNAPSHOT @ /home/manjunath/Downloads/jaxb-json-example-code/client-portal/pom.xml.
2019-11-04 18:00:10,837 [Worker-57: Import Getting Started Content] INFO  o.e.m.j.i.AbstractJavaProjectConfigurator - Adding source folder /client-portal/src/main/java
2019-11-04 18:00:10,838 [Worker-57: Import Getting Started Content] INFO  o.e.m.j.i.AbstractJavaProjectConfigurator - Adding resource folder /client-portal/src/main/resources
2019-11-04 18:00:10,839 [Worker-57: Import Getting Started Content] INFO  o.e.m.j.i.AbstractJavaProjectConfigurator - Adding resource folder /client-portal/src/main/resources
2019-11-04 18:00:10,847 [Worker-57: Import Getting Started Content] INFO  o.e.m.j.i.AbstractJavaProjectConfigurator - Adding source folder /client-portal/src/test/java
2019-11-04 18:00:10,960 [Worker-57: Import Getting Started Content] INFO  o.e.m.c.i.p.ProjectConfigurationManager - Update completed: 0 sec
2019-11-04 18:02:45,096 [Worker-55: Launching MyportalClientApplication] INFO  o.e.m.c.i.l.LifecycleMappingFactory - Using org.eclipse.m2e.jdt.JarLifecycleMapping lifecycle mapping for MavenProject: com.example:client-portal:0.0.1-SNAPSHOT @ /home/manjunath/Downloads/jaxb-json-example-code/client-portal/pom.xml.
2019-11-04 18:02:45,387 [Worker-55: Launching MyportalClientApplication] INFO  o.e.m.c.i.embedder.EclipseLogger - Using 'UTF-8' encoding to copy filtered resources.
2019-11-04 18:02:45,388 [Worker-55: Launching MyportalClientApplication] INFO  o.e.m.c.i.embedder.EclipseLogger - Copying 1 resource
2019-11-04 18:02:45,388 [Worker-55: Launching MyportalClientApplication] INFO  o.e.m.c.i.embedder.EclipseLogger - Copying 0 resource
2019-11-04 18:02:45,390 [Worker-55: Launching MyportalClientApplication] INFO  o.e.m.c.i.embedder.EclipseLogger - Using 'UTF-8' encoding to copy filtered resources.
2019-11-04 18:02:45,390 [Worker-55: Launching MyportalClientApplication] INFO  o.e.m.c.i.embedder.EclipseLogger - skip non existing resourceDirectory /home/manjunath/Downloads/jaxb-json-example-code/client-portal/src/test/resources
2019-11-05 10:46:58,857 [Worker-4: Loading available Gradle versions] INFO  o.e.b.c.i.u.g.PublishedGradleVersions - Gradle version information cache is up-to-date. Trying to read.
2019-11-05 10:52:09,947 [Worker-8: Launching MyportalClientApplication] INFO  o.e.m.c.i.embedder.EclipseLogger - Using 'UTF-8' encoding to copy filtered resources.
2019-11-05 10:52:09,951 [Worker-8: Launching MyportalClientApplication] INFO  o.e.m.c.i.embedder.EclipseLogger - Copying 1 resource
2019-11-05 10:52:09,976 [Worker-8: Launching MyportalClientApplication] INFO  o.e.m.c.i.embedder.EclipseLogger - Copying 0 resource
2019-11-05 10:52:09,979 [Worker-8: Launching MyportalClientApplication] INFO  o.e.m.c.i.embedder.EclipseLogger - Using 'UTF-8' encoding to copy filtered resources.
2019-11-05 10:52:09,979 [Worker-8: Launching MyportalClientApplication] INFO  o.e.m.c.i.embedder.EclipseLogger - skip non existing resourceDirectory /home/manjunath/Downloads/jaxb-json-example-code/client-portal/src/test/resources
2019-11-05 10:59:55,388 [Worker-15: Update Maven projects configuration] INFO  o.e.m.c.i.p.ProjectConfigurationManager - Update started
2019-11-05 10:59:56,509 [Worker-15: Update Maven projects configuration] INFO  o.e.m.c.i.l.LifecycleMappingFactory - Using org.eclipse.m2e.jdt.JarLifecycleMapping lifecycle mapping for MavenProject: HelloWorld:HelloWorld.com:0.0.1-SNAPSHOT @ /home/manjunath/Desktop/HelloWorld.com/pom.xml.
2019-11-05 10:59:57,810 [Worker-15: Update Maven projects configuration] INFO  o.e.m.j.i.AbstractJavaProjectConfigurator - Adding source folder /HelloWorld.com/src/main/java
2019-11-05 10:59:57,811 [Worker-15: Update Maven projects configuration] INFO  o.e.m.j.i.AbstractJavaProjectConfigurator - Adding resource folder /HelloWorld.com/src/main/resources
2019-11-05 10:59:57,815 [Worker-15: Update Maven projects configuration] INFO  o.e.m.j.i.AbstractJavaProjectConfigurator - Adding resource folder /HelloWorld.com/src/main/resources
2019-11-05 10:59:57,829 [Worker-15: Update Maven projects configuration] INFO  o.e.m.j.i.AbstractJavaProjectConfigurator - Adding source folder /HelloWorld.com/src/test/java
2019-11-05 10:59:58,392 [Worker-15: Update Maven projects configuration] INFO  o.e.m.c.i.p.ProjectConfigurationManager - Update completed: 3 sec
2019-11-05 11:28:44,892 [Worker-20: Launching HelloWorld.com - Application] INFO  o.e.m.c.i.l.LifecycleMappingFactory - Using org.eclipse.m2e.jdt.JarLifecycleMapping lifecycle mapping for MavenProject: HelloWorld:HelloWorld.com:0.0.1-SNAPSHOT @ /home/manjunath/Desktop/HelloWorld.com/pom.xml.
2019-11-05 11:28:45,957 [Worker-20: Launching HelloWorld.com - Application] INFO  o.e.m.c.i.e.AbstractTransferListenerAdapter - Downloading https://repo.maven.apache.org/maven2/org/springframework/spring-web/4.1.6.RELEASE/spring-web-4.1.6.RELEASE.pom
2019-11-05 11:28:46,098 [Worker-20: Launching HelloWorld.com - Application] INFO  o.e.m.c.i.e.AbstractTransferListenerAdapter - Downloaded https://repo.maven.apache.org/maven2/org/springframework/spring-web/4.1.6.RELEASE/spring-web-4.1.6.RELEASE.pom
2019-11-05 11:28:46,285 [Worker-20: Launching HelloWorld.com - Application] INFO  o.e.m.c.i.e.AbstractTransferListenerAdapter - Downloading https://repo.maven.apache.org/maven2/org/springframework/spring-web/4.1.6.RELEASE/spring-web-4.1.6.RELEASE.jar
2019-11-05 11:28:47,871 [Worker-20: Launching HelloWorld.com - Application] INFO  o.e.m.c.i.e.AbstractTransferListenerAdapter - Downloaded https://repo.maven.apache.org/maven2/org/springframework/spring-web/4.1.6.RELEASE/spring-web-4.1.6.RELEASE.jar
2019-11-05 11:28:48,230 [Worker-20: Launching HelloWorld.com - Application] INFO  o.e.m.c.i.embedder.EclipseLogger - Using 'UTF-8' encoding to copy filtered resources.
2019-11-05 11:28:48,231 [Worker-20: Launching HelloWorld.com - Application] INFO  o.e.m.c.i.embedder.EclipseLogger - Copying 1 resource
2019-11-05 11:28:48,231 [Worker-20: Launching HelloWorld.com - Application] INFO  o.e.m.c.i.embedder.EclipseLogger - Copying 0 resource
2019-11-05 11:28:48,233 [Worker-20: Launching HelloWorld.com - Application] INFO  o.e.m.c.i.embedder.EclipseLogger - Using 'UTF-8' encoding to copy filtered resources.
2019-11-05 11:28:48,233 [Worker-20: Launching HelloWorld.com - Application] INFO  o.e.m.c.i.embedder.EclipseLogger - skip non existing resourceDirectory /home/manjunath/Desktop/HelloWorld.com/src/test/resources
2019-11-05 11:28:49,964 [Worker-18: Download sources and javadoc] INFO  o.e.m.c.i.e.AbstractTransferListenerAdapter - Downloading https://repo.maven.apache.org/maven2/org/springframework/spring-web/4.1.6.RELEASE/spring-web-4.1.6.RELEASE-sources.jar
2019-11-05 11:28:50,835 [Worker-18: Download sources and javadoc] INFO  o.e.m.c.i.e.AbstractTransferListenerAdapter - Downloaded https://repo.maven.apache.org/maven2/org/springframework/spring-web/4.1.6.RELEASE/spring-web-4.1.6.RELEASE-sources.jar
2019-11-05 11:28:50,966 [Worker-18: Download sources and javadoc] INFO  o.e.m.j.internal.DownloadSourcesJob - Downloaded sources for org.springframework:spring-web:4.1.6.RELEASE
2019-11-05 11:28:50,968 [Worker-18: Download sources and javadoc] INFO  o.e.m.j.internal.DownloadSourcesJob - Downloaded sources for org.springframework:spring-web:4.1.6.RELEASE
2019-11-05 11:31:53,354 [main] INFO  o.e.m2e.actions.ExecutePomAction - Creating new launch configuration
2019-11-05 11:32:02,027 [Worker-23: Launching HelloWorld.com] INFO  o.e.m.i.launch.MavenLaunchDelegate - /home/manjunath/Desktop/HelloWorld.com
2019-11-05 11:32:02,028 [Worker-23: Launching HelloWorld.com] INFO  o.e.m.i.launch.MavenLaunchDelegate -  mvn -B clean install -Dstyle.color=always
2019-11-05 11:34:38,941 [Worker-1: Launching HelloWorld.com - Application] INFO  o.e.m.c.i.embedder.EclipseLogger - Using 'UTF-8' encoding to copy filtered resources.
2019-11-05 11:34:38,944 [Worker-1: Launching HelloWorld.com - Application] INFO  o.e.m.c.i.embedder.EclipseLogger - Copying 1 resource
2019-11-05 11:34:38,944 [Worker-1: Launching HelloWorld.com - Application] INFO  o.e.m.c.i.embedder.EclipseLogger - Copying 0 resource
2019-11-05 11:34:38,947 [Worker-1: Launching HelloWorld.com - Application] INFO  o.e.m.c.i.embedder.EclipseLogger - Using 'UTF-8' encoding to copy filtered resources.
2019-11-05 11:34:38,947 [Worker-1: Launching HelloWorld.com - Application] INFO  o.e.m.c.i.embedder.EclipseLogger - skip non existing resourceDirectory /home/manjunath/Desktop/HelloWorld.com/src/test/resources
2019-11-05 11:35:14,735 [Worker-1: Updating Maven Project] INFO  o.e.m.c.i.p.ProjectConfigurationManager - Update started
2019-11-05 11:35:15,236 [Worker-1: Updating Maven Project] INFO  o.e.m.c.i.l.LifecycleMappingFactory - Using org.eclipse.m2e.jdt.JarLifecycleMapping lifecycle mapping for MavenProject: HelloWorld:HelloWorld.com:0.0.1-SNAPSHOT @ /home/manjunath/Desktop/HelloWorld.com/pom.xml.
2019-11-05 11:35:15,728 [Worker-1: Updating Maven Project] INFO  o.e.m.j.i.AbstractJavaProjectConfigurator - Adding source folder /HelloWorld.com/src/main/java
2019-11-05 11:35:15,728 [Worker-1: Updating Maven Project] INFO  o.e.m.j.i.AbstractJavaProjectConfigurator - Adding resource folder /HelloWorld.com/src/main/resources
2019-11-05 11:35:15,728 [Worker-1: Updating Maven Project] INFO  o.e.m.j.i.AbstractJavaProjectConfigurator - Adding resource folder /HelloWorld.com/src/main/resources
2019-11-05 11:35:15,729 [Worker-1: Updating Maven Project] INFO  o.e.m.j.i.AbstractJavaProjectConfigurator - Adding source folder /HelloWorld.com/src/test/java
2019-11-05 11:35:15,857 [Worker-1: Updating Maven Project] INFO  o.e.m.c.i.p.ProjectConfigurationManager - Update completed: 1 sec
2019-11-05 11:35:21,448 [Worker-22: Launching HelloWorld.com - Application] INFO  o.e.m.c.i.embedder.EclipseLogger - Using 'UTF-8' encoding to copy filtered resources.
2019-11-05 11:35:21,449 [Worker-22: Launching HelloWorld.com - Application] INFO  o.e.m.c.i.embedder.EclipseLogger - Copying 1 resource
2019-11-05 11:35:21,449 [Worker-22: Launching HelloWorld.com - Application] INFO  o.e.m.c.i.embedder.EclipseLogger - Copying 0 resource
2019-11-05 11:35:21,451 [Worker-22: Launching HelloWorld.com - Application] INFO  o.e.m.c.i.embedder.EclipseLogger - Using 'UTF-8' encoding to copy filtered resources.
2019-11-05 11:35:21,451 [Worker-22: Launching HelloWorld.com - Application] INFO  o.e.m.c.i.embedder.EclipseLogger - skip non existing resourceDirectory /home/manjunath/Desktop/HelloWorld.com/src/test/resources
2019-11-05 11:45:22,376 [Worker-1] INFO  c.g.t.t.d.PublishedGradleVersions - Gradle version information cache is out-of-date. Trying to update.
2019-11-05 11:45:28,662 [Worker-8] INFO  o.e.m.c.i.l.LifecycleMappingFactory - Using org.eclipse.m2e.jdt.JarLifecycleMapping lifecycle mapping for MavenProject: HelloWorld:HelloWorld.com:0.0.1-SNAPSHOT @ /home/manjunath/Desktop/HelloWorld.com/pom.xml.
2019-11-05 11:45:29,930 [Worker-8] INFO  o.e.m.c.i.l.LifecycleMappingFactory - Using org.eclipse.m2e.jdt.JarLifecycleMapping lifecycle mapping for MavenProject: com.example:client-portal:0.0.1-SNAPSHOT @ /home/manjunath/Downloads/jaxb-json-example-code/client-portal/pom.xml.
2019-11-05 11:45:30,247 [Worker-8] INFO  o.e.m.c.i.l.LifecycleMappingFactory - Using org.eclipse.m2e.jdt.JarLifecycleMapping lifecycle mapping for MavenProject: com.Example:myportal:0.0.1-SNAPSHOT @ /home/manjunath/Downloads/SpringBootLearn/myportal/pom.xml.
2019-11-05 11:45:30,544 [Worker-8] INFO  o.e.m.c.i.l.LifecycleMappingFactory - Using org.eclipse.m2e.jdt.JarLifecycleMapping lifecycle mapping for MavenProject: com.Example:myportal-client:0.0.1-SNAPSHOT @ /home/manjunath/Downloads/SpringBootLearn/myportal-client/pom.xml.
